CRITICAL - 2026-03-28 12:55:34 --> ErrorException: Undefined property: Config\App::$CSPEnabled
[Method: GET, Route: /]
in SYSTEMPATH\HTTP\ContentSecurityPolicy.php on line 356.
 1 SYSTEMPATH\HTTP\ContentSecurityPolicy.php(356): CodeIgniter\Debug\Exceptions->errorHandler(2, 'Undefined property: Config\\App::$CSPEnabled', 'D:\\File E\\XAMPP\\data\\htdocs\\janaka-jersey\\system\\HTTP\\ContentSecurityPolicy.php', 356)
 2 SYSTEMPATH\Config\Services.php(194): CodeIgniter\HTTP\ContentSecurityPolicy->__construct(Object(Config\ContentSecurityPolicy))
 3 SYSTEMPATH\Config\BaseService.php(325): CodeIgniter\Config\Services::csp(Object(Config\ContentSecurityPolicy), false)
 4 SYSTEMPATH\Config\BaseService.php(264): CodeIgniter\Config\BaseService::__callStatic('csp', [...])
 5 SYSTEMPATH\Config\Services.php(189): CodeIgniter\Config\BaseService::getSharedInstance('csp', null)
 6 SYSTEMPATH\Config\BaseService.php(334): CodeIgniter\Config\Services::csp()
 7 SYSTEMPATH\Config\BaseService.php(203): CodeIgniter\Config\BaseService::__callStatic('csp', [])
 8 SYSTEMPATH\Common.php(1078): CodeIgniter\Config\BaseService::get('csp')
 9 SYSTEMPATH\HTTP\Response.php(160): service('csp')
10 SYSTEMPATH\Config\Services.php(589): CodeIgniter\HTTP\Response->__construct(Object(Config\App))
11 SYSTEMPATH\Config\BaseService.php(325): CodeIgniter\Config\Services::response(Object(Config\App), false)
12 SYSTEMPATH\Config\BaseService.php(264): CodeIgniter\Config\BaseService::__callStatic('response', [...])
13 SYSTEMPATH\Config\Services.php(584): CodeIgniter\Config\BaseService::getSharedInstance('response', Object(Config\App))
14 SYSTEMPATH\Config\BaseService.php(334): CodeIgniter\Config\Services::response(Object(Config\App))
15 SYSTEMPATH\CodeIgniter.php(663): CodeIgniter\Config\BaseService::__callStatic('response', [...])
16 SYSTEMPATH\CodeIgniter.php(323): CodeIgniter\CodeIgniter->getResponseObject()
17 SYSTEMPATH\Boot.php(417): CodeIgniter\CodeIgniter->run()
18 SYSTEMPATH\Boot.php(68): CodeIgniter\Boot::runCodeIgniter(Object(CodeIgniter\CodeIgniter))
19 FCPATH\index.php(59): CodeIgniter\Boot::bootWeb(Object(Config\Paths))
20 SYSTEMPATH\rewrite.php(44): require_once('D:\\File E\\XAMPP\\data\\htdocs\\janaka-jersey\\public\\index.php')
CRITICAL - 2026-03-28 12:55:34 --> ErrorException: Uncaught ErrorException: Undefined property: Config\App::$CSPEnabled in D:\File E\XAMPP\data\htdocs\janaka-jersey\system\HTTP\ContentSecurityPolicy.php:356
Stack trace:
#0 D:\File E\XAMPP\data\htdocs\janaka-jersey\system\HTTP\ContentSecurityPolicy.php(356): CodeIgniter\Debug\Exceptions->errorHandler(2, 'Undefined prope...', 'D:\\File E\\XAMPP...', 356)
#1 D:\File E\XAMPP\data\htdocs\janaka-jersey\system\Config\Services.php(194): CodeIgniter\HTTP\ContentSecurityPolicy->__construct(Object(Config\ContentSecurityPolicy))
#2 D:\File E\XAMPP\data\htdocs\janaka-jersey\system\Config\BaseService.php(325): CodeIgniter\Config\Services::csp(Object(Config\ContentSecurityPolicy), false)
#3 D:\File E\XAMPP\data\htdocs\janaka-jersey\system\Config\BaseService.php(264): CodeIgniter\Config\BaseService::__callStatic('csp', Array)
#4 D:\File E\XAMPP\data\htdocs\janaka-jersey\system\Config\Services.php(189): CodeIgniter\Config\BaseService::getSharedInstance('csp', NULL)
#5 D:\File E\XAMPP\data\htdocs\janaka-jersey\system\Config\BaseService.php(325): CodeIgniter\Config\Services::csp()
#6 D:\File E\XAMPP\data\htdocs\janaka-jersey\system\Config\BaseService.php(203): CodeIgniter\Config\BaseService::__callStatic('csp', Array)
#7 D:\File E\XAMPP\data\htdocs\janaka-jersey\system\Common.php(1078): CodeIgniter\Config\BaseService::get('csp')
#8 D:\File E\XAMPP\data\htdocs\janaka-jersey\system\HTTP\Response.php(160): service('csp')
#9 D:\File E\XAMPP\data\htdocs\janaka-jersey\system\Config\Services.php(589): CodeIgniter\HTTP\Response->__construct(Object(Config\App))
#10 D:\File E\XAMPP\data\htdocs\janaka-jersey\system\Config\BaseService.php(325): CodeIgniter\Config\Services::response(Object(Config\App), false)
#11 D:\File E\XAMPP\data\htdocs\janaka-jersey\system\Config\BaseService.php(264): CodeIgniter\Config\BaseService::__callStatic('response', Array)
#12 D:\File E\XAMPP\data\htdocs\janaka-jersey\system\Config\Services.php(584): CodeIgniter\Config\BaseService::getSharedInstance('response', NULL)
#13 D:\File E\XAMPP\data\htdocs\janaka-jersey\system\Config\BaseService.php(325): CodeIgniter\Config\Services::response()
#14 D:\File E\XAMPP\data\htdocs\janaka-jersey\system\Config\BaseService.php(203): CodeIgniter\Config\BaseService::__callStatic('response', Array)
#15 D:\File E\XAMPP\data\htdocs\janaka-jersey\system\Common.php(1078): CodeIgniter\Config\BaseService::get('response')
#16 D:\File E\XAMPP\data\htdocs\janaka-jersey\system\Debug\Exceptions.php(146): service('response')
#17 [internal function]: CodeIgniter\Debug\Exceptions->exceptionHandler(Object(ErrorException))
#18 {main}
  thrown
【Previous Exception】
ErrorException
Undefined property: Config\App::$CSPEnabled
#0 D:\File E\XAMPP\data\htdocs\janaka-jersey\system\HTTP\ContentSecurityPolicy.php(356): CodeIgniter\Debug\Exceptions->errorHandler(2, 'Undefined prope...', 'D:\\File E\\XAMPP...', 356)
#1 D:\File E\XAMPP\data\htdocs\janaka-jersey\system\Config\Services.php(194): CodeIgniter\HTTP\ContentSecurityPolicy->__construct(Object(Config\ContentSecurityPolicy))
#2 D:\File E\XAMPP\data\htdocs\janaka-jersey\system\Config\BaseService.php(325): CodeIgniter\Config\Services::csp(Object(Config\ContentSecurityPolicy), false)
#3 D:\File E\XAMPP\data\htdocs\janaka-jersey\system\Config\BaseService.php(264): CodeIgniter\Config\BaseService::__callStatic('csp', Array)
#4 D:\File E\XAMPP\data\htdocs\janaka-jersey\system\Config\Services.php(189): CodeIgniter\Config\BaseService::getSharedInstance('csp', NULL)
#5 D:\File E\XAMPP\data\htdocs\janaka-jersey\system\Config\BaseService.php(334): CodeIgniter\Config\Services::csp()
#6 D:\File E\XAMPP\data\htdocs\janaka-jersey\system\Config\BaseService.php(203): CodeIgniter\Config\BaseService::__callStatic('csp', Array)
#7 D:\File E\XAMPP\data\htdocs\janaka-jersey\system\Common.php(1078): CodeIgniter\Config\BaseService::get('csp')
#8 D:\File E\XAMPP\data\htdocs\janaka-jersey\system\HTTP\Response.php(160): service('csp')
#9 D:\File E\XAMPP\data\htdocs\janaka-jersey\system\Config\Services.php(589): CodeIgniter\HTTP\Response->__construct(Object(Config\App))
#10 D:\File E\XAMPP\data\htdocs\janaka-jersey\system\Config\BaseService.php(325): CodeIgniter\Config\Services::response(Object(Config\App), false)
#11 D:\File E\XAMPP\data\htdocs\janaka-jersey\system\Config\BaseService.php(264): CodeIgniter\Config\BaseService::__callStatic('response', Array)
#12 D:\File E\XAMPP\data\htdocs\janaka-jersey\system\Config\Services.php(584): CodeIgniter\Config\BaseService::getSharedInstance('response', Object(Config\App))
#13 D:\File E\XAMPP\data\htdocs\janaka-jersey\system\Config\BaseService.php(334): CodeIgniter\Config\Services::response(Object(Config\App))
#14 D:\File E\XAMPP\data\htdocs\janaka-jersey\system\CodeIgniter.php(663): CodeIgniter\Config\BaseService::__callStatic('response', Array)
#15 D:\File E\XAMPP\data\htdocs\janaka-jersey\system\CodeIgniter.php(323): CodeIgniter\CodeIgniter->getResponseObject()
#16 D:\File E\XAMPP\data\htdocs\janaka-jersey\system\Boot.php(417): CodeIgniter\CodeIgniter->run()
#17 D:\File E\XAMPP\data\htdocs\janaka-jersey\system\Boot.php(68): CodeIgniter\Boot::runCodeIgniter(Object(CodeIgniter\CodeIgniter))
#18 D:\File E\XAMPP\data\htdocs\janaka-jersey\public\index.php(59): CodeIgniter\Boot::bootWeb(Object(Config\Paths))
#19 D:\File E\XAMPP\data\htdocs\janaka-jersey\system\rewrite.php(44): require_once('D:\\File E\\XAMPP...')
#20 {main}
[Method: GET, Route: /]
in SYSTEMPATH\HTTP\ContentSecurityPolicy.php on line 356.
 1 [internal function]: CodeIgniter\Debug\Exceptions->shutdownHandler()
CRITICAL - 2026-03-28 12:58:31 --> ErrorException: Undefined property: Config\App::$CSPEnabled
[Method: GET, Route: /]
in SYSTEMPATH\HTTP\ContentSecurityPolicy.php on line 356.
 1 SYSTEMPATH\HTTP\ContentSecurityPolicy.php(356): CodeIgniter\Debug\Exceptions->errorHandler(2, 'Undefined property: Config\\App::$CSPEnabled', 'D:\\File E\\XAMPP\\data\\htdocs\\janaka-jersey\\system\\HTTP\\ContentSecurityPolicy.php', 356)
 2 SYSTEMPATH\Config\Services.php(194): CodeIgniter\HTTP\ContentSecurityPolicy->__construct(Object(Config\ContentSecurityPolicy))
 3 SYSTEMPATH\Config\BaseService.php(325): CodeIgniter\Config\Services::csp(Object(Config\ContentSecurityPolicy), false)
 4 SYSTEMPATH\Config\BaseService.php(264): CodeIgniter\Config\BaseService::__callStatic('csp', [...])
 5 SYSTEMPATH\Config\Services.php(189): CodeIgniter\Config\BaseService::getSharedInstance('csp', null)
 6 SYSTEMPATH\Config\BaseService.php(334): CodeIgniter\Config\Services::csp()
 7 SYSTEMPATH\Config\BaseService.php(203): CodeIgniter\Config\BaseService::__callStatic('csp', [])
 8 SYSTEMPATH\Common.php(1078): CodeIgniter\Config\BaseService::get('csp')
 9 SYSTEMPATH\HTTP\Response.php(160): service('csp')
10 SYSTEMPATH\Config\Services.php(589): CodeIgniter\HTTP\Response->__construct(Object(Config\App))
11 SYSTEMPATH\Config\BaseService.php(325): CodeIgniter\Config\Services::response(Object(Config\App), false)
12 SYSTEMPATH\Config\BaseService.php(264): CodeIgniter\Config\BaseService::__callStatic('response', [...])
13 SYSTEMPATH\Config\Services.php(584): CodeIgniter\Config\BaseService::getSharedInstance('response', Object(Config\App))
14 SYSTEMPATH\Config\BaseService.php(334): CodeIgniter\Config\Services::response(Object(Config\App))
15 SYSTEMPATH\CodeIgniter.php(663): CodeIgniter\Config\BaseService::__callStatic('response', [...])
16 SYSTEMPATH\CodeIgniter.php(323): CodeIgniter\CodeIgniter->getResponseObject()
17 SYSTEMPATH\Boot.php(417): CodeIgniter\CodeIgniter->run()
18 SYSTEMPATH\Boot.php(68): CodeIgniter\Boot::runCodeIgniter(Object(CodeIgniter\CodeIgniter))
19 FCPATH\index.php(59): CodeIgniter\Boot::bootWeb(Object(Config\Paths))
CRITICAL - 2026-03-28 12:58:31 --> ErrorException: Uncaught ErrorException: Undefined property: Config\App::$CSPEnabled in D:\File E\XAMPP\data\htdocs\janaka-jersey\system\HTTP\ContentSecurityPolicy.php:356
Stack trace:
#0 D:\File E\XAMPP\data\htdocs\janaka-jersey\system\HTTP\ContentSecurityPolicy.php(356): CodeIgniter\Debug\Exceptions->errorHandler(2, 'Undefined prope...', 'D:\\File E\\XAMPP...', 356)
#1 D:\File E\XAMPP\data\htdocs\janaka-jersey\system\Config\Services.php(194): CodeIgniter\HTTP\ContentSecurityPolicy->__construct(Object(Config\ContentSecurityPolicy))
#2 D:\File E\XAMPP\data\htdocs\janaka-jersey\system\Config\BaseService.php(325): CodeIgniter\Config\Services::csp(Object(Config\ContentSecurityPolicy), false)
#3 D:\File E\XAMPP\data\htdocs\janaka-jersey\system\Config\BaseService.php(264): CodeIgniter\Config\BaseService::__callStatic('csp', Array)
#4 D:\File E\XAMPP\data\htdocs\janaka-jersey\system\Config\Services.php(189): CodeIgniter\Config\BaseService::getSharedInstance('csp', NULL)
#5 D:\File E\XAMPP\data\htdocs\janaka-jersey\system\Config\BaseService.php(325): CodeIgniter\Config\Services::csp()
#6 D:\File E\XAMPP\data\htdocs\janaka-jersey\system\Config\BaseService.php(203): CodeIgniter\Config\BaseService::__callStatic('csp', Array)
#7 D:\File E\XAMPP\data\htdocs\janaka-jersey\system\Common.php(1078): CodeIgniter\Config\BaseService::get('csp')
#8 D:\File E\XAMPP\data\htdocs\janaka-jersey\system\HTTP\Response.php(160): service('csp')
#9 D:\File E\XAMPP\data\htdocs\janaka-jersey\system\Config\Services.php(589): CodeIgniter\HTTP\Response->__construct(Object(Config\App))
#10 D:\File E\XAMPP\data\htdocs\janaka-jersey\system\Config\BaseService.php(325): CodeIgniter\Config\Services::response(Object(Config\App), false)
#11 D:\File E\XAMPP\data\htdocs\janaka-jersey\system\Config\BaseService.php(264): CodeIgniter\Config\BaseService::__callStatic('response', Array)
#12 D:\File E\XAMPP\data\htdocs\janaka-jersey\system\Config\Services.php(584): CodeIgniter\Config\BaseService::getSharedInstance('response', NULL)
#13 D:\File E\XAMPP\data\htdocs\janaka-jersey\system\Config\BaseService.php(325): CodeIgniter\Config\Services::response()
#14 D:\File E\XAMPP\data\htdocs\janaka-jersey\system\Config\BaseService.php(203): CodeIgniter\Config\BaseService::__callStatic('response', Array)
#15 D:\File E\XAMPP\data\htdocs\janaka-jersey\system\Common.php(1078): CodeIgniter\Config\BaseService::get('response')
#16 D:\File E\XAMPP\data\htdocs\janaka-jersey\system\Debug\Exceptions.php(146): service('response')
#17 [internal function]: CodeIgniter\Debug\Exceptions->exceptionHandler(Object(ErrorException))
#18 {main}
  thrown
【Previous Exception】
ErrorException
Undefined property: Config\App::$CSPEnabled
#0 D:\File E\XAMPP\data\htdocs\janaka-jersey\system\HTTP\ContentSecurityPolicy.php(356): CodeIgniter\Debug\Exceptions->errorHandler(2, 'Undefined prope...', 'D:\\File E\\XAMPP...', 356)
#1 D:\File E\XAMPP\data\htdocs\janaka-jersey\system\Config\Services.php(194): CodeIgniter\HTTP\ContentSecurityPolicy->__construct(Object(Config\ContentSecurityPolicy))
#2 D:\File E\XAMPP\data\htdocs\janaka-jersey\system\Config\BaseService.php(325): CodeIgniter\Config\Services::csp(Object(Config\ContentSecurityPolicy), false)
#3 D:\File E\XAMPP\data\htdocs\janaka-jersey\system\Config\BaseService.php(264): CodeIgniter\Config\BaseService::__callStatic('csp', Array)
#4 D:\File E\XAMPP\data\htdocs\janaka-jersey\system\Config\Services.php(189): CodeIgniter\Config\BaseService::getSharedInstance('csp', NULL)
#5 D:\File E\XAMPP\data\htdocs\janaka-jersey\system\Config\BaseService.php(334): CodeIgniter\Config\Services::csp()
#6 D:\File E\XAMPP\data\htdocs\janaka-jersey\system\Config\BaseService.php(203): CodeIgniter\Config\BaseService::__callStatic('csp', Array)
#7 D:\File E\XAMPP\data\htdocs\janaka-jersey\system\Common.php(1078): CodeIgniter\Config\BaseService::get('csp')
#8 D:\File E\XAMPP\data\htdocs\janaka-jersey\system\HTTP\Response.php(160): service('csp')
#9 D:\File E\XAMPP\data\htdocs\janaka-jersey\system\Config\Services.php(589): CodeIgniter\HTTP\Response->__construct(Object(Config\App))
#10 D:\File E\XAMPP\data\htdocs\janaka-jersey\system\Config\BaseService.php(325): CodeIgniter\Config\Services::response(Object(Config\App), false)
#11 D:\File E\XAMPP\data\htdocs\janaka-jersey\system\Config\BaseService.php(264): CodeIgniter\Config\BaseService::__callStatic('response', Array)
#12 D:\File E\XAMPP\data\htdocs\janaka-jersey\system\Config\Services.php(584): CodeIgniter\Config\BaseService::getSharedInstance('response', Object(Config\App))
#13 D:\File E\XAMPP\data\htdocs\janaka-jersey\system\Config\BaseService.php(334): CodeIgniter\Config\Services::response(Object(Config\App))
#14 D:\File E\XAMPP\data\htdocs\janaka-jersey\system\CodeIgniter.php(663): CodeIgniter\Config\BaseService::__callStatic('response', Array)
#15 D:\File E\XAMPP\data\htdocs\janaka-jersey\system\CodeIgniter.php(323): CodeIgniter\CodeIgniter->getResponseObject()
#16 D:\File E\XAMPP\data\htdocs\janaka-jersey\system\Boot.php(417): CodeIgniter\CodeIgniter->run()
#17 D:\File E\XAMPP\data\htdocs\janaka-jersey\system\Boot.php(68): CodeIgniter\Boot::runCodeIgniter(Object(CodeIgniter\CodeIgniter))
#18 D:\File E\XAMPP\data\htdocs\janaka-jersey\public\index.php(59): CodeIgniter\Boot::bootWeb(Object(Config\Paths))
#19 {main}
[Method: GET, Route: /]
in SYSTEMPATH\HTTP\ContentSecurityPolicy.php on line 356.
 1 [internal function]: CodeIgniter\Debug\Exceptions->shutdownHandler()
CRITICAL - 2026-03-28 12:58:33 --> ErrorException: Undefined property: Config\App::$CSPEnabled
[Method: GET, Route: /]
in SYSTEMPATH\HTTP\ContentSecurityPolicy.php on line 356.
 1 SYSTEMPATH\HTTP\ContentSecurityPolicy.php(356): CodeIgniter\Debug\Exceptions->errorHandler(2, 'Undefined property: Config\\App::$CSPEnabled', 'D:\\File E\\XAMPP\\data\\htdocs\\janaka-jersey\\system\\HTTP\\ContentSecurityPolicy.php', 356)
 2 SYSTEMPATH\Config\Services.php(194): CodeIgniter\HTTP\ContentSecurityPolicy->__construct(Object(Config\ContentSecurityPolicy))
 3 SYSTEMPATH\Config\BaseService.php(325): CodeIgniter\Config\Services::csp(Object(Config\ContentSecurityPolicy), false)
 4 SYSTEMPATH\Config\BaseService.php(264): CodeIgniter\Config\BaseService::__callStatic('csp', [...])
 5 SYSTEMPATH\Config\Services.php(189): CodeIgniter\Config\BaseService::getSharedInstance('csp', null)
 6 SYSTEMPATH\Config\BaseService.php(334): CodeIgniter\Config\Services::csp()
 7 SYSTEMPATH\Config\BaseService.php(203): CodeIgniter\Config\BaseService::__callStatic('csp', [])
 8 SYSTEMPATH\Common.php(1078): CodeIgniter\Config\BaseService::get('csp')
 9 SYSTEMPATH\HTTP\Response.php(160): service('csp')
10 SYSTEMPATH\Config\Services.php(589): CodeIgniter\HTTP\Response->__construct(Object(Config\App))
11 SYSTEMPATH\Config\BaseService.php(325): CodeIgniter\Config\Services::response(Object(Config\App), false)
12 SYSTEMPATH\Config\BaseService.php(264): CodeIgniter\Config\BaseService::__callStatic('response', [...])
13 SYSTEMPATH\Config\Services.php(584): CodeIgniter\Config\BaseService::getSharedInstance('response', Object(Config\App))
14 SYSTEMPATH\Config\BaseService.php(334): CodeIgniter\Config\Services::response(Object(Config\App))
15 SYSTEMPATH\CodeIgniter.php(663): CodeIgniter\Config\BaseService::__callStatic('response', [...])
16 SYSTEMPATH\CodeIgniter.php(323): CodeIgniter\CodeIgniter->getResponseObject()
17 SYSTEMPATH\Boot.php(417): CodeIgniter\CodeIgniter->run()
18 SYSTEMPATH\Boot.php(68): CodeIgniter\Boot::runCodeIgniter(Object(CodeIgniter\CodeIgniter))
19 FCPATH\index.php(59): CodeIgniter\Boot::bootWeb(Object(Config\Paths))
CRITICAL - 2026-03-28 12:58:33 --> ErrorException: Uncaught ErrorException: Undefined property: Config\App::$CSPEnabled in D:\File E\XAMPP\data\htdocs\janaka-jersey\system\HTTP\ContentSecurityPolicy.php:356
Stack trace:
#0 D:\File E\XAMPP\data\htdocs\janaka-jersey\system\HTTP\ContentSecurityPolicy.php(356): CodeIgniter\Debug\Exceptions->errorHandler(2, 'Undefined prope...', 'D:\\File E\\XAMPP...', 356)
#1 D:\File E\XAMPP\data\htdocs\janaka-jersey\system\Config\Services.php(194): CodeIgniter\HTTP\ContentSecurityPolicy->__construct(Object(Config\ContentSecurityPolicy))
#2 D:\File E\XAMPP\data\htdocs\janaka-jersey\system\Config\BaseService.php(325): CodeIgniter\Config\Services::csp(Object(Config\ContentSecurityPolicy), false)
#3 D:\File E\XAMPP\data\htdocs\janaka-jersey\system\Config\BaseService.php(264): CodeIgniter\Config\BaseService::__callStatic('csp', Array)
#4 D:\File E\XAMPP\data\htdocs\janaka-jersey\system\Config\Services.php(189): CodeIgniter\Config\BaseService::getSharedInstance('csp', NULL)
#5 D:\File E\XAMPP\data\htdocs\janaka-jersey\system\Config\BaseService.php(325): CodeIgniter\Config\Services::csp()
#6 D:\File E\XAMPP\data\htdocs\janaka-jersey\system\Config\BaseService.php(203): CodeIgniter\Config\BaseService::__callStatic('csp', Array)
#7 D:\File E\XAMPP\data\htdocs\janaka-jersey\system\Common.php(1078): CodeIgniter\Config\BaseService::get('csp')
#8 D:\File E\XAMPP\data\htdocs\janaka-jersey\system\HTTP\Response.php(160): service('csp')
#9 D:\File E\XAMPP\data\htdocs\janaka-jersey\system\Config\Services.php(589): CodeIgniter\HTTP\Response->__construct(Object(Config\App))
#10 D:\File E\XAMPP\data\htdocs\janaka-jersey\system\Config\BaseService.php(325): CodeIgniter\Config\Services::response(Object(Config\App), false)
#11 D:\File E\XAMPP\data\htdocs\janaka-jersey\system\Config\BaseService.php(264): CodeIgniter\Config\BaseService::__callStatic('response', Array)
#12 D:\File E\XAMPP\data\htdocs\janaka-jersey\system\Config\Services.php(584): CodeIgniter\Config\BaseService::getSharedInstance('response', NULL)
#13 D:\File E\XAMPP\data\htdocs\janaka-jersey\system\Config\BaseService.php(325): CodeIgniter\Config\Services::response()
#14 D:\File E\XAMPP\data\htdocs\janaka-jersey\system\Config\BaseService.php(203): CodeIgniter\Config\BaseService::__callStatic('response', Array)
#15 D:\File E\XAMPP\data\htdocs\janaka-jersey\system\Common.php(1078): CodeIgniter\Config\BaseService::get('response')
#16 D:\File E\XAMPP\data\htdocs\janaka-jersey\system\Debug\Exceptions.php(146): service('response')
#17 [internal function]: CodeIgniter\Debug\Exceptions->exceptionHandler(Object(ErrorException))
#18 {main}
  thrown
【Previous Exception】
ErrorException
Undefined property: Config\App::$CSPEnabled
#0 D:\File E\XAMPP\data\htdocs\janaka-jersey\system\HTTP\ContentSecurityPolicy.php(356): CodeIgniter\Debug\Exceptions->errorHandler(2, 'Undefined prope...', 'D:\\File E\\XAMPP...', 356)
#1 D:\File E\XAMPP\data\htdocs\janaka-jersey\system\Config\Services.php(194): CodeIgniter\HTTP\ContentSecurityPolicy->__construct(Object(Config\ContentSecurityPolicy))
#2 D:\File E\XAMPP\data\htdocs\janaka-jersey\system\Config\BaseService.php(325): CodeIgniter\Config\Services::csp(Object(Config\ContentSecurityPolicy), false)
#3 D:\File E\XAMPP\data\htdocs\janaka-jersey\system\Config\BaseService.php(264): CodeIgniter\Config\BaseService::__callStatic('csp', Array)
#4 D:\File E\XAMPP\data\htdocs\janaka-jersey\system\Config\Services.php(189): CodeIgniter\Config\BaseService::getSharedInstance('csp', NULL)
#5 D:\File E\XAMPP\data\htdocs\janaka-jersey\system\Config\BaseService.php(334): CodeIgniter\Config\Services::csp()
#6 D:\File E\XAMPP\data\htdocs\janaka-jersey\system\Config\BaseService.php(203): CodeIgniter\Config\BaseService::__callStatic('csp', Array)
#7 D:\File E\XAMPP\data\htdocs\janaka-jersey\system\Common.php(1078): CodeIgniter\Config\BaseService::get('csp')
#8 D:\File E\XAMPP\data\htdocs\janaka-jersey\system\HTTP\Response.php(160): service('csp')
#9 D:\File E\XAMPP\data\htdocs\janaka-jersey\system\Config\Services.php(589): CodeIgniter\HTTP\Response->__construct(Object(Config\App))
#10 D:\File E\XAMPP\data\htdocs\janaka-jersey\system\Config\BaseService.php(325): CodeIgniter\Config\Services::response(Object(Config\App), false)
#11 D:\File E\XAMPP\data\htdocs\janaka-jersey\system\Config\BaseService.php(264): CodeIgniter\Config\BaseService::__callStatic('response', Array)
#12 D:\File E\XAMPP\data\htdocs\janaka-jersey\system\Config\Services.php(584): CodeIgniter\Config\BaseService::getSharedInstance('response', Object(Config\App))
#13 D:\File E\XAMPP\data\htdocs\janaka-jersey\system\Config\BaseService.php(334): CodeIgniter\Config\Services::response(Object(Config\App))
#14 D:\File E\XAMPP\data\htdocs\janaka-jersey\system\CodeIgniter.php(663): CodeIgniter\Config\BaseService::__callStatic('response', Array)
#15 D:\File E\XAMPP\data\htdocs\janaka-jersey\system\CodeIgniter.php(323): CodeIgniter\CodeIgniter->getResponseObject()
#16 D:\File E\XAMPP\data\htdocs\janaka-jersey\system\Boot.php(417): CodeIgniter\CodeIgniter->run()
#17 D:\File E\XAMPP\data\htdocs\janaka-jersey\system\Boot.php(68): CodeIgniter\Boot::runCodeIgniter(Object(CodeIgniter\CodeIgniter))
#18 D:\File E\XAMPP\data\htdocs\janaka-jersey\public\index.php(59): CodeIgniter\Boot::bootWeb(Object(Config\Paths))
#19 {main}
[Method: GET, Route: /]
in SYSTEMPATH\HTTP\ContentSecurityPolicy.php on line 356.
 1 [internal function]: CodeIgniter\Debug\Exceptions->shutdownHandler()
CRITICAL - 2026-03-28 12:59:11 --> ErrorException: Undefined property: Config\App::$CSPEnabled
[Method: GET, Route: /]
in SYSTEMPATH\HTTP\ContentSecurityPolicy.php on line 356.
 1 SYSTEMPATH\HTTP\ContentSecurityPolicy.php(356): CodeIgniter\Debug\Exceptions->errorHandler(2, 'Undefined property: Config\\App::$CSPEnabled', 'D:\\File E\\XAMPP\\data\\htdocs\\janaka-jersey\\system\\HTTP\\ContentSecurityPolicy.php', 356)
 2 SYSTEMPATH\Config\Services.php(194): CodeIgniter\HTTP\ContentSecurityPolicy->__construct(Object(Config\ContentSecurityPolicy))
 3 SYSTEMPATH\Config\BaseService.php(325): CodeIgniter\Config\Services::csp(Object(Config\ContentSecurityPolicy), false)
 4 SYSTEMPATH\Config\BaseService.php(264): CodeIgniter\Config\BaseService::__callStatic('csp', [...])
 5 SYSTEMPATH\Config\Services.php(189): CodeIgniter\Config\BaseService::getSharedInstance('csp', null)
 6 SYSTEMPATH\Config\BaseService.php(334): CodeIgniter\Config\Services::csp()
 7 SYSTEMPATH\Config\BaseService.php(203): CodeIgniter\Config\BaseService::__callStatic('csp', [])
 8 SYSTEMPATH\Common.php(1078): CodeIgniter\Config\BaseService::get('csp')
 9 SYSTEMPATH\HTTP\Response.php(160): service('csp')
10 SYSTEMPATH\Config\Services.php(589): CodeIgniter\HTTP\Response->__construct(Object(Config\App))
11 SYSTEMPATH\Config\BaseService.php(325): CodeIgniter\Config\Services::response(Object(Config\App), false)
12 SYSTEMPATH\Config\BaseService.php(264): CodeIgniter\Config\BaseService::__callStatic('response', [...])
13 SYSTEMPATH\Config\Services.php(584): CodeIgniter\Config\BaseService::getSharedInstance('response', Object(Config\App))
14 SYSTEMPATH\Config\BaseService.php(334): CodeIgniter\Config\Services::response(Object(Config\App))
15 SYSTEMPATH\CodeIgniter.php(663): CodeIgniter\Config\BaseService::__callStatic('response', [...])
16 SYSTEMPATH\CodeIgniter.php(323): CodeIgniter\CodeIgniter->getResponseObject()
17 SYSTEMPATH\Boot.php(417): CodeIgniter\CodeIgniter->run()
18 SYSTEMPATH\Boot.php(68): CodeIgniter\Boot::runCodeIgniter(Object(CodeIgniter\CodeIgniter))
19 FCPATH\index.php(59): CodeIgniter\Boot::bootWeb(Object(Config\Paths))
20 SYSTEMPATH\rewrite.php(44): require_once('D:\\File E\\XAMPP\\data\\htdocs\\janaka-jersey\\public\\index.php')
CRITICAL - 2026-03-28 12:59:11 --> ErrorException: Uncaught ErrorException: Undefined property: Config\App::$CSPEnabled in D:\File E\XAMPP\data\htdocs\janaka-jersey\system\HTTP\ContentSecurityPolicy.php:356
Stack trace:
#0 D:\File E\XAMPP\data\htdocs\janaka-jersey\system\HTTP\ContentSecurityPolicy.php(356): CodeIgniter\Debug\Exceptions->errorHandler(2, 'Undefined prope...', 'D:\\File E\\XAMPP...', 356)
#1 D:\File E\XAMPP\data\htdocs\janaka-jersey\system\Config\Services.php(194): CodeIgniter\HTTP\ContentSecurityPolicy->__construct(Object(Config\ContentSecurityPolicy))
#2 D:\File E\XAMPP\data\htdocs\janaka-jersey\system\Config\BaseService.php(325): CodeIgniter\Config\Services::csp(Object(Config\ContentSecurityPolicy), false)
#3 D:\File E\XAMPP\data\htdocs\janaka-jersey\system\Config\BaseService.php(264): CodeIgniter\Config\BaseService::__callStatic('csp', Array)
#4 D:\File E\XAMPP\data\htdocs\janaka-jersey\system\Config\Services.php(189): CodeIgniter\Config\BaseService::getSharedInstance('csp', NULL)
#5 D:\File E\XAMPP\data\htdocs\janaka-jersey\system\Config\BaseService.php(325): CodeIgniter\Config\Services::csp()
#6 D:\File E\XAMPP\data\htdocs\janaka-jersey\system\Config\BaseService.php(203): CodeIgniter\Config\BaseService::__callStatic('csp', Array)
#7 D:\File E\XAMPP\data\htdocs\janaka-jersey\system\Common.php(1078): CodeIgniter\Config\BaseService::get('csp')
#8 D:\File E\XAMPP\data\htdocs\janaka-jersey\system\HTTP\Response.php(160): service('csp')
#9 D:\File E\XAMPP\data\htdocs\janaka-jersey\system\Config\Services.php(589): CodeIgniter\HTTP\Response->__construct(Object(Config\App))
#10 D:\File E\XAMPP\data\htdocs\janaka-jersey\system\Config\BaseService.php(325): CodeIgniter\Config\Services::response(Object(Config\App), false)
#11 D:\File E\XAMPP\data\htdocs\janaka-jersey\system\Config\BaseService.php(264): CodeIgniter\Config\BaseService::__callStatic('response', Array)
#12 D:\File E\XAMPP\data\htdocs\janaka-jersey\system\Config\Services.php(584): CodeIgniter\Config\BaseService::getSharedInstance('response', NULL)
#13 D:\File E\XAMPP\data\htdocs\janaka-jersey\system\Config\BaseService.php(325): CodeIgniter\Config\Services::response()
#14 D:\File E\XAMPP\data\htdocs\janaka-jersey\system\Config\BaseService.php(203): CodeIgniter\Config\BaseService::__callStatic('response', Array)
#15 D:\File E\XAMPP\data\htdocs\janaka-jersey\system\Common.php(1078): CodeIgniter\Config\BaseService::get('response')
#16 D:\File E\XAMPP\data\htdocs\janaka-jersey\system\Debug\Exceptions.php(146): service('response')
#17 [internal function]: CodeIgniter\Debug\Exceptions->exceptionHandler(Object(ErrorException))
#18 {main}
  thrown
【Previous Exception】
ErrorException
Undefined property: Config\App::$CSPEnabled
#0 D:\File E\XAMPP\data\htdocs\janaka-jersey\system\HTTP\ContentSecurityPolicy.php(356): CodeIgniter\Debug\Exceptions->errorHandler(2, 'Undefined prope...', 'D:\\File E\\XAMPP...', 356)
#1 D:\File E\XAMPP\data\htdocs\janaka-jersey\system\Config\Services.php(194): CodeIgniter\HTTP\ContentSecurityPolicy->__construct(Object(Config\ContentSecurityPolicy))
#2 D:\File E\XAMPP\data\htdocs\janaka-jersey\system\Config\BaseService.php(325): CodeIgniter\Config\Services::csp(Object(Config\ContentSecurityPolicy), false)
#3 D:\File E\XAMPP\data\htdocs\janaka-jersey\system\Config\BaseService.php(264): CodeIgniter\Config\BaseService::__callStatic('csp', Array)
#4 D:\File E\XAMPP\data\htdocs\janaka-jersey\system\Config\Services.php(189): CodeIgniter\Config\BaseService::getSharedInstance('csp', NULL)
#5 D:\File E\XAMPP\data\htdocs\janaka-jersey\system\Config\BaseService.php(334): CodeIgniter\Config\Services::csp()
#6 D:\File E\XAMPP\data\htdocs\janaka-jersey\system\Config\BaseService.php(203): CodeIgniter\Config\BaseService::__callStatic('csp', Array)
#7 D:\File E\XAMPP\data\htdocs\janaka-jersey\system\Common.php(1078): CodeIgniter\Config\BaseService::get('csp')
#8 D:\File E\XAMPP\data\htdocs\janaka-jersey\system\HTTP\Response.php(160): service('csp')
#9 D:\File E\XAMPP\data\htdocs\janaka-jersey\system\Config\Services.php(589): CodeIgniter\HTTP\Response->__construct(Object(Config\App))
#10 D:\File E\XAMPP\data\htdocs\janaka-jersey\system\Config\BaseService.php(325): CodeIgniter\Config\Services::response(Object(Config\App), false)
#11 D:\File E\XAMPP\data\htdocs\janaka-jersey\system\Config\BaseService.php(264): CodeIgniter\Config\BaseService::__callStatic('response', Array)
#12 D:\File E\XAMPP\data\htdocs\janaka-jersey\system\Config\Services.php(584): CodeIgniter\Config\BaseService::getSharedInstance('response', Object(Config\App))
#13 D:\File E\XAMPP\data\htdocs\janaka-jersey\system\Config\BaseService.php(334): CodeIgniter\Config\Services::response(Object(Config\App))
#14 D:\File E\XAMPP\data\htdocs\janaka-jersey\system\CodeIgniter.php(663): CodeIgniter\Config\BaseService::__callStatic('response', Array)
#15 D:\File E\XAMPP\data\htdocs\janaka-jersey\system\CodeIgniter.php(323): CodeIgniter\CodeIgniter->getResponseObject()
#16 D:\File E\XAMPP\data\htdocs\janaka-jersey\system\Boot.php(417): CodeIgniter\CodeIgniter->run()
#17 D:\File E\XAMPP\data\htdocs\janaka-jersey\system\Boot.php(68): CodeIgniter\Boot::runCodeIgniter(Object(CodeIgniter\CodeIgniter))
#18 D:\File E\XAMPP\data\htdocs\janaka-jersey\public\index.php(59): CodeIgniter\Boot::bootWeb(Object(Config\Paths))
#19 D:\File E\XAMPP\data\htdocs\janaka-jersey\system\rewrite.php(44): require_once('D:\\File E\\XAMPP...')
#20 {main}
[Method: GET, Route: /]
in SYSTEMPATH\HTTP\ContentSecurityPolicy.php on line 356.
 1 [internal function]: CodeIgniter\Debug\Exceptions->shutdownHandler()
CRITICAL - 2026-03-28 13:03:15 --> ErrorException: Undefined property: Config\App::$CSPEnabled
[Method: GET, Route: /]
in SYSTEMPATH\HTTP\ContentSecurityPolicy.php on line 356.
 1 SYSTEMPATH\HTTP\ContentSecurityPolicy.php(356): CodeIgniter\Debug\Exceptions->errorHandler(2, 'Undefined property: Config\\App::$CSPEnabled', 'D:\\File E\\XAMPP\\data\\htdocs\\janaka-jersey\\system\\HTTP\\ContentSecurityPolicy.php', 356)
 2 SYSTEMPATH\Config\Services.php(194): CodeIgniter\HTTP\ContentSecurityPolicy->__construct(Object(Config\ContentSecurityPolicy))
 3 SYSTEMPATH\Config\BaseService.php(325): CodeIgniter\Config\Services::csp(Object(Config\ContentSecurityPolicy), false)
 4 SYSTEMPATH\Config\BaseService.php(264): CodeIgniter\Config\BaseService::__callStatic('csp', [...])
 5 SYSTEMPATH\Config\Services.php(189): CodeIgniter\Config\BaseService::getSharedInstance('csp', null)
 6 SYSTEMPATH\Config\BaseService.php(334): CodeIgniter\Config\Services::csp()
 7 SYSTEMPATH\Config\BaseService.php(203): CodeIgniter\Config\BaseService::__callStatic('csp', [])
 8 SYSTEMPATH\Common.php(1078): CodeIgniter\Config\BaseService::get('csp')
 9 SYSTEMPATH\HTTP\Response.php(160): service('csp')
10 SYSTEMPATH\Config\Services.php(589): CodeIgniter\HTTP\Response->__construct(Object(Config\App))
11 SYSTEMPATH\Config\BaseService.php(325): CodeIgniter\Config\Services::response(Object(Config\App), false)
12 SYSTEMPATH\Config\BaseService.php(264): CodeIgniter\Config\BaseService::__callStatic('response', [...])
13 SYSTEMPATH\Config\Services.php(584): CodeIgniter\Config\BaseService::getSharedInstance('response', Object(Config\App))
14 SYSTEMPATH\Config\BaseService.php(334): CodeIgniter\Config\Services::response(Object(Config\App))
15 SYSTEMPATH\CodeIgniter.php(663): CodeIgniter\Config\BaseService::__callStatic('response', [...])
16 SYSTEMPATH\CodeIgniter.php(323): CodeIgniter\CodeIgniter->getResponseObject()
17 SYSTEMPATH\Boot.php(417): CodeIgniter\CodeIgniter->run()
18 SYSTEMPATH\Boot.php(68): CodeIgniter\Boot::runCodeIgniter(Object(CodeIgniter\CodeIgniter))
19 FCPATH\index.php(59): CodeIgniter\Boot::bootWeb(Object(Config\Paths))
20 SYSTEMPATH\rewrite.php(44): require_once('D:\\File E\\XAMPP\\data\\htdocs\\janaka-jersey\\public\\index.php')
CRITICAL - 2026-03-28 13:03:15 --> ErrorException: Uncaught ErrorException: Undefined property: Config\App::$CSPEnabled in D:\File E\XAMPP\data\htdocs\janaka-jersey\system\HTTP\ContentSecurityPolicy.php:356
Stack trace:
#0 D:\File E\XAMPP\data\htdocs\janaka-jersey\system\HTTP\ContentSecurityPolicy.php(356): CodeIgniter\Debug\Exceptions->errorHandler(2, 'Undefined prope...', 'D:\\File E\\XAMPP...', 356)
#1 D:\File E\XAMPP\data\htdocs\janaka-jersey\system\Config\Services.php(194): CodeIgniter\HTTP\ContentSecurityPolicy->__construct(Object(Config\ContentSecurityPolicy))
#2 D:\File E\XAMPP\data\htdocs\janaka-jersey\system\Config\BaseService.php(325): CodeIgniter\Config\Services::csp(Object(Config\ContentSecurityPolicy), false)
#3 D:\File E\XAMPP\data\htdocs\janaka-jersey\system\Config\BaseService.php(264): CodeIgniter\Config\BaseService::__callStatic('csp', Array)
#4 D:\File E\XAMPP\data\htdocs\janaka-jersey\system\Config\Services.php(189): CodeIgniter\Config\BaseService::getSharedInstance('csp', NULL)
#5 D:\File E\XAMPP\data\htdocs\janaka-jersey\system\Config\BaseService.php(325): CodeIgniter\Config\Services::csp()
#6 D:\File E\XAMPP\data\htdocs\janaka-jersey\system\Config\BaseService.php(203): CodeIgniter\Config\BaseService::__callStatic('csp', Array)
#7 D:\File E\XAMPP\data\htdocs\janaka-jersey\system\Common.php(1078): CodeIgniter\Config\BaseService::get('csp')
#8 D:\File E\XAMPP\data\htdocs\janaka-jersey\system\HTTP\Response.php(160): service('csp')
#9 D:\File E\XAMPP\data\htdocs\janaka-jersey\system\Config\Services.php(589): CodeIgniter\HTTP\Response->__construct(Object(Config\App))
#10 D:\File E\XAMPP\data\htdocs\janaka-jersey\system\Config\BaseService.php(325): CodeIgniter\Config\Services::response(Object(Config\App), false)
#11 D:\File E\XAMPP\data\htdocs\janaka-jersey\system\Config\BaseService.php(264): CodeIgniter\Config\BaseService::__callStatic('response', Array)
#12 D:\File E\XAMPP\data\htdocs\janaka-jersey\system\Config\Services.php(584): CodeIgniter\Config\BaseService::getSharedInstance('response', NULL)
#13 D:\File E\XAMPP\data\htdocs\janaka-jersey\system\Config\BaseService.php(325): CodeIgniter\Config\Services::response()
#14 D:\File E\XAMPP\data\htdocs\janaka-jersey\system\Config\BaseService.php(203): CodeIgniter\Config\BaseService::__callStatic('response', Array)
#15 D:\File E\XAMPP\data\htdocs\janaka-jersey\system\Common.php(1078): CodeIgniter\Config\BaseService::get('response')
#16 D:\File E\XAMPP\data\htdocs\janaka-jersey\system\Debug\Exceptions.php(146): service('response')
#17 [internal function]: CodeIgniter\Debug\Exceptions->exceptionHandler(Object(ErrorException))
#18 {main}
  thrown
【Previous Exception】
ErrorException
Undefined property: Config\App::$CSPEnabled
#0 D:\File E\XAMPP\data\htdocs\janaka-jersey\system\HTTP\ContentSecurityPolicy.php(356): CodeIgniter\Debug\Exceptions->errorHandler(2, 'Undefined prope...', 'D:\\File E\\XAMPP...', 356)
#1 D:\File E\XAMPP\data\htdocs\janaka-jersey\system\Config\Services.php(194): CodeIgniter\HTTP\ContentSecurityPolicy->__construct(Object(Config\ContentSecurityPolicy))
#2 D:\File E\XAMPP\data\htdocs\janaka-jersey\system\Config\BaseService.php(325): CodeIgniter\Config\Services::csp(Object(Config\ContentSecurityPolicy), false)
#3 D:\File E\XAMPP\data\htdocs\janaka-jersey\system\Config\BaseService.php(264): CodeIgniter\Config\BaseService::__callStatic('csp', Array)
#4 D:\File E\XAMPP\data\htdocs\janaka-jersey\system\Config\Services.php(189): CodeIgniter\Config\BaseService::getSharedInstance('csp', NULL)
#5 D:\File E\XAMPP\data\htdocs\janaka-jersey\system\Config\BaseService.php(334): CodeIgniter\Config\Services::csp()
#6 D:\File E\XAMPP\data\htdocs\janaka-jersey\system\Config\BaseService.php(203): CodeIgniter\Config\BaseService::__callStatic('csp', Array)
#7 D:\File E\XAMPP\data\htdocs\janaka-jersey\system\Common.php(1078): CodeIgniter\Config\BaseService::get('csp')
#8 D:\File E\XAMPP\data\htdocs\janaka-jersey\system\HTTP\Response.php(160): service('csp')
#9 D:\File E\XAMPP\data\htdocs\janaka-jersey\system\Config\Services.php(589): CodeIgniter\HTTP\Response->__construct(Object(Config\App))
#10 D:\File E\XAMPP\data\htdocs\janaka-jersey\system\Config\BaseService.php(325): CodeIgniter\Config\Services::response(Object(Config\App), false)
#11 D:\File E\XAMPP\data\htdocs\janaka-jersey\system\Config\BaseService.php(264): CodeIgniter\Config\BaseService::__callStatic('response', Array)
#12 D:\File E\XAMPP\data\htdocs\janaka-jersey\system\Config\Services.php(584): CodeIgniter\Config\BaseService::getSharedInstance('response', Object(Config\App))
#13 D:\File E\XAMPP\data\htdocs\janaka-jersey\system\Config\BaseService.php(334): CodeIgniter\Config\Services::response(Object(Config\App))
#14 D:\File E\XAMPP\data\htdocs\janaka-jersey\system\CodeIgniter.php(663): CodeIgniter\Config\BaseService::__callStatic('response', Array)
#15 D:\File E\XAMPP\data\htdocs\janaka-jersey\system\CodeIgniter.php(323): CodeIgniter\CodeIgniter->getResponseObject()
#16 D:\File E\XAMPP\data\htdocs\janaka-jersey\system\Boot.php(417): CodeIgniter\CodeIgniter->run()
#17 D:\File E\XAMPP\data\htdocs\janaka-jersey\system\Boot.php(68): CodeIgniter\Boot::runCodeIgniter(Object(CodeIgniter\CodeIgniter))
#18 D:\File E\XAMPP\data\htdocs\janaka-jersey\public\index.php(59): CodeIgniter\Boot::bootWeb(Object(Config\Paths))
#19 D:\File E\XAMPP\data\htdocs\janaka-jersey\system\rewrite.php(44): require_once('D:\\File E\\XAMPP...')
#20 {main}
[Method: GET, Route: /]
in SYSTEMPATH\HTTP\ContentSecurityPolicy.php on line 356.
 1 [internal function]: CodeIgniter\Debug\Exceptions->shutdownHandler()
CRITICAL - 2026-03-28 13:06:07 --> ErrorException: Type of App\Controllers\BaseController::$request must not be defined (as in class CodeIgniter\Controller)
[Method: GET, Route: /]
in APPPATH\Controllers\BaseController.php on line 12.
 1 [internal function]: CodeIgniter\Debug\Exceptions->shutdownHandler()
CRITICAL - 2026-03-28 13:08:07 --> ErrorException: Type of App\Controllers\BaseController::$request must not be defined (as in class CodeIgniter\Controller)
[Method: GET, Route: /]
in APPPATH\Controllers\BaseController.php on line 12.
 1 [internal function]: CodeIgniter\Debug\Exceptions->shutdownHandler()
CRITICAL - 2026-03-28 13:10:59 --> ErrorException: foreach() argument must be of type array|object, string given
[Method: GET, Route: /]
in SYSTEMPATH\HTTP\RequestTrait.php on line 89.
 1 SYSTEMPATH\HTTP\RequestTrait.php(89): CodeIgniter\Debug\Exceptions->errorHandler(2, 'foreach() argument must be of type array|object, string given', 'D:\\File E\\XAMPP\\data\\htdocs\\janaka-jersey\\system\\HTTP\\RequestTrait.php', 89)
 2 SYSTEMPATH\Config\Services.php(702): CodeIgniter\HTTP\Request->getIPAddress()
 3 SYSTEMPATH\Config\BaseService.php(325): CodeIgniter\Config\Services::session(Object(Config\Session), false)
 4 SYSTEMPATH\Config\BaseService.php(264): CodeIgniter\Config\BaseService::__callStatic('session', [...])
 5 SYSTEMPATH\Config\Services.php(668): CodeIgniter\Config\BaseService::getSharedInstance('session', null)
 6 SYSTEMPATH\Config\BaseService.php(334): CodeIgniter\Config\Services::session()
 7 SYSTEMPATH\Config\BaseService.php(203): CodeIgniter\Config\BaseService::__callStatic('session', [])
 8 SYSTEMPATH\Common.php(1078): CodeIgniter\Config\BaseService::get('session')
 9 SYSTEMPATH\Common.php(1051): service('session')
10 APPPATH\Views\layouts\header.php(358): session()
11 SYSTEMPATH\View\View.php(240): include('D:\\File E\\XAMPP\\data\\htdocs\\janaka-jersey\\app\\Views\\layouts\\header.php')
12 SYSTEMPATH\View\View.php(243): CodeIgniter\View\View->CodeIgniter\View\{closure}()
13 SYSTEMPATH\Common.php(1250): CodeIgniter\View\View->render('layouts/header', [], true)
14 APPPATH\Controllers\Dashboard.php(26): view('layouts/header', [...])
15 SYSTEMPATH\CodeIgniter.php(951): App\Controllers\Dashboard->index()
16 SYSTEMPATH\CodeIgniter.php(497): CodeIgniter\CodeIgniter->runController(Object(App\Controllers\Dashboard))
17 SYSTEMPATH\CodeIgniter.php(340): CodeIgniter\CodeIgniter->handleRequest(null, Object(Config\Cache), false)
18 SYSTEMPATH\Boot.php(417): CodeIgniter\CodeIgniter->run()
19 SYSTEMPATH\Boot.php(68): CodeIgniter\Boot::runCodeIgniter(Object(CodeIgniter\CodeIgniter))
20 FCPATH\index.php(59): CodeIgniter\Boot::bootWeb(Object(Config\Paths))
21 SYSTEMPATH\rewrite.php(44): require_once('D:\\File E\\XAMPP\\data\\htdocs\\janaka-jersey\\public\\index.php')
DEBUG - 2026-03-28 13:13:18 --> Session: Class initialized using 'CodeIgniter\Session\Handlers\FileHandler' driver.
DEBUG - 2026-03-28 13:15:24 --> Session: Class initialized using 'CodeIgniter\Session\Handlers\FileHandler' driver.
DEBUG - 2026-03-28 13:15:29 --> Session: Class initialized using 'CodeIgniter\Session\Handlers\FileHandler' driver.
DEBUG - 2026-03-28 13:15:34 --> Session: Class initialized using 'CodeIgniter\Session\Handlers\FileHandler' driver.
DEBUG - 2026-03-28 13:15:54 --> Session: Class initialized using 'CodeIgniter\Session\Handlers\FileHandler' driver.
DEBUG - 2026-03-28 13:16:02 --> Session: Class initialized using 'CodeIgniter\Session\Handlers\FileHandler' driver.
DEBUG - 2026-03-28 13:16:09 --> Session: Class initialized using 'CodeIgniter\Session\Handlers\FileHandler' driver.
DEBUG - 2026-03-28 13:16:14 --> Session: Class initialized using 'CodeIgniter\Session\Handlers\FileHandler' driver.
DEBUG - 2026-03-28 13:16:20 --> Session: Class initialized using 'CodeIgniter\Session\Handlers\FileHandler' driver.
DEBUG - 2026-03-28 13:16:24 --> Session: Class initialized using 'CodeIgniter\Session\Handlers\FileHandler' driver.
DEBUG - 2026-03-28 13:16:30 --> Session: Class initialized using 'CodeIgniter\Session\Handlers\FileHandler' driver.
DEBUG - 2026-03-28 13:16:32 --> Session: Class initialized using 'CodeIgniter\Session\Handlers\FileHandler' driver.
DEBUG - 2026-03-28 13:17:48 --> Session: Class initialized using 'CodeIgniter\Session\Handlers\FileHandler' driver.
DEBUG - 2026-03-28 13:17:48 --> Session: Class initialized using 'CodeIgniter\Session\Handlers\FileHandler' driver.
DEBUG - 2026-03-28 13:18:00 --> Session: Class initialized using 'CodeIgniter\Session\Handlers\FileHandler' driver.
DEBUG - 2026-03-28 13:18:12 --> Session: Class initialized using 'CodeIgniter\Session\Handlers\FileHandler' driver.
DEBUG - 2026-03-28 13:18:15 --> Session: Class initialized using 'CodeIgniter\Session\Handlers\FileHandler' driver.
DEBUG - 2026-03-28 13:27:22 --> Session: Class initialized using 'CodeIgniter\Session\Handlers\FileHandler' driver.
DEBUG - 2026-03-28 13:27:31 --> Session: Class initialized using 'CodeIgniter\Session\Handlers\FileHandler' driver.
DEBUG - 2026-03-28 13:27:36 --> Session: Class initialized using 'CodeIgniter\Session\Handlers\FileHandler' driver.
DEBUG - 2026-03-28 13:27:47 --> Session: Class initialized using 'CodeIgniter\Session\Handlers\FileHandler' driver.
DEBUG - 2026-03-28 13:27:49 --> Session: Class initialized using 'CodeIgniter\Session\Handlers\FileHandler' driver.
DEBUG - 2026-03-28 13:37:08 --> Session: Class initialized using 'CodeIgniter\Session\Handlers\FileHandler' driver.
DEBUG - 2026-03-28 13:39:53 --> Session: Class initialized using 'CodeIgniter\Session\Handlers\FileHandler' driver.
DEBUG - 2026-03-28 13:47:58 --> Session: Class initialized using 'CodeIgniter\Session\Handlers\FileHandler' driver.
DEBUG - 2026-03-28 13:48:01 --> Session: Class initialized using 'CodeIgniter\Session\Handlers\FileHandler' driver.
DEBUG - 2026-03-28 13:48:11 --> Session: Class initialized using 'CodeIgniter\Session\Handlers\FileHandler' driver.
DEBUG - 2026-03-28 13:48:32 --> Session: Class initialized using 'CodeIgniter\Session\Handlers\FileHandler' driver.
DEBUG - 2026-03-28 13:48:32 --> Session: Class initialized using 'CodeIgniter\Session\Handlers\FileHandler' driver.
DEBUG - 2026-03-28 13:48:39 --> Session: Class initialized using 'CodeIgniter\Session\Handlers\FileHandler' driver.
DEBUG - 2026-03-28 13:48:51 --> Session: Class initialized using 'CodeIgniter\Session\Handlers\FileHandler' driver.
DEBUG - 2026-03-28 13:49:09 --> Session: Class initialized using 'CodeIgniter\Session\Handlers\FileHandler' driver.
DEBUG - 2026-03-28 13:49:09 --> Session: Class initialized using 'CodeIgniter\Session\Handlers\FileHandler' driver.
DEBUG - 2026-03-28 13:50:54 --> Session: Class initialized using 'CodeIgniter\Session\Handlers\FileHandler' driver.
DEBUG - 2026-03-28 13:57:11 --> Session: Class initialized using 'CodeIgniter\Session\Handlers\FileHandler' driver.
DEBUG - 2026-03-28 13:57:13 --> Session: Class initialized using 'CodeIgniter\Session\Handlers\FileHandler' driver.
DEBUG - 2026-03-28 13:57:25 --> Session: Class initialized using 'CodeIgniter\Session\Handlers\FileHandler' driver.
DEBUG - 2026-03-28 13:57:37 --> Session: Class initialized using 'CodeIgniter\Session\Handlers\FileHandler' driver.
DEBUG - 2026-03-28 13:59:24 --> Session: Class initialized using 'CodeIgniter\Session\Handlers\FileHandler' driver.
DEBUG - 2026-03-28 13:59:28 --> Session: Class initialized using 'CodeIgniter\Session\Handlers\FileHandler' driver.
DEBUG - 2026-03-28 14:00:06 --> Session: Class initialized using 'CodeIgniter\Session\Handlers\FileHandler' driver.
DEBUG - 2026-03-28 14:03:06 --> Session: Class initialized using 'CodeIgniter\Session\Handlers\FileHandler' driver.
DEBUG - 2026-03-28 14:03:26 --> Session: Class initialized using 'CodeIgniter\Session\Handlers\FileHandler' driver.
DEBUG - 2026-03-28 14:03:31 --> Session: Class initialized using 'CodeIgniter\Session\Handlers\FileHandler' driver.
DEBUG - 2026-03-28 14:05:18 --> Session: Class initialized using 'CodeIgniter\Session\Handlers\FileHandler' driver.
DEBUG - 2026-03-28 14:05:22 --> Session: Class initialized using 'CodeIgniter\Session\Handlers\FileHandler' driver.
DEBUG - 2026-03-28 14:06:01 --> Session: Class initialized using 'CodeIgniter\Session\Handlers\FileHandler' driver.
DEBUG - 2026-03-28 14:06:54 --> Session: Class initialized using 'CodeIgniter\Session\Handlers\FileHandler' driver.
DEBUG - 2026-03-28 14:07:00 --> Session: Class initialized using 'CodeIgniter\Session\Handlers\FileHandler' driver.
DEBUG - 2026-03-28 14:07:08 --> Session: Class initialized using 'CodeIgniter\Session\Handlers\FileHandler' driver.
DEBUG - 2026-03-28 14:07:17 --> Session: Class initialized using 'CodeIgniter\Session\Handlers\FileHandler' driver.
DEBUG - 2026-03-28 14:07:23 --> Session: Class initialized using 'CodeIgniter\Session\Handlers\FileHandler' driver.
DEBUG - 2026-03-28 14:09:56 --> Session: Class initialized using 'CodeIgniter\Session\Handlers\FileHandler' driver.
DEBUG - 2026-03-28 14:09:59 --> Session: Class initialized using 'CodeIgniter\Session\Handlers\FileHandler' driver.
DEBUG - 2026-03-28 14:10:59 --> Session: Class initialized using 'CodeIgniter\Session\Handlers\FileHandler' driver.
DEBUG - 2026-03-28 14:11:01 --> Session: Class initialized using 'CodeIgniter\Session\Handlers\FileHandler' driver.
DEBUG - 2026-03-28 14:11:13 --> Session: Class initialized using 'CodeIgniter\Session\Handlers\FileHandler' driver.
DEBUG - 2026-03-28 14:11:51 --> Session: Class initialized using 'CodeIgniter\Session\Handlers\FileHandler' driver.
DEBUG - 2026-03-28 14:11:53 --> Session: Class initialized using 'CodeIgniter\Session\Handlers\FileHandler' driver.
DEBUG - 2026-03-28 14:11:56 --> Session: Class initialized using 'CodeIgniter\Session\Handlers\FileHandler' driver.
DEBUG - 2026-03-28 14:11:59 --> Session: Class initialized using 'CodeIgniter\Session\Handlers\FileHandler' driver.
DEBUG - 2026-03-28 14:14:40 --> Session: Class initialized using 'CodeIgniter\Session\Handlers\FileHandler' driver.
DEBUG - 2026-03-28 14:14:42 --> Session: Class initialized using 'CodeIgniter\Session\Handlers\FileHandler' driver.
DEBUG - 2026-03-28 14:14:46 --> Session: Class initialized using 'CodeIgniter\Session\Handlers\FileHandler' driver.
DEBUG - 2026-03-28 14:16:56 --> Session: Class initialized using 'CodeIgniter\Session\Handlers\FileHandler' driver.
DEBUG - 2026-03-28 14:17:29 --> Session: Class initialized using 'CodeIgniter\Session\Handlers\FileHandler' driver.
DEBUG - 2026-03-28 14:17:35 --> Session: Class initialized using 'CodeIgniter\Session\Handlers\FileHandler' driver.
DEBUG - 2026-03-28 14:17:44 --> Session: Class initialized using 'CodeIgniter\Session\Handlers\FileHandler' driver.
DEBUG - 2026-03-28 14:20:21 --> Session: Class initialized using 'CodeIgniter\Session\Handlers\FileHandler' driver.
DEBUG - 2026-03-28 14:20:24 --> Session: Class initialized using 'CodeIgniter\Session\Handlers\FileHandler' driver.
DEBUG - 2026-03-28 14:20:26 --> Session: Class initialized using 'CodeIgniter\Session\Handlers\FileHandler' driver.
DEBUG - 2026-03-28 14:21:27 --> Session: Class initialized using 'CodeIgniter\Session\Handlers\FileHandler' driver.
DEBUG - 2026-03-28 14:21:30 --> Session: Class initialized using 'CodeIgniter\Session\Handlers\FileHandler' driver.
DEBUG - 2026-03-28 14:21:32 --> Session: Class initialized using 'CodeIgniter\Session\Handlers\FileHandler' driver.
DEBUG - 2026-03-28 14:22:12 --> Session: Class initialized using 'CodeIgniter\Session\Handlers\FileHandler' driver.
DEBUG - 2026-03-28 14:22:22 --> Session: Class initialized using 'CodeIgniter\Session\Handlers\FileHandler' driver.
DEBUG - 2026-03-28 14:45:47 --> Session: Class initialized using 'CodeIgniter\Session\Handlers\FileHandler' driver.
DEBUG - 2026-03-28 14:46:11 --> Session: Class initialized using 'CodeIgniter\Session\Handlers\FileHandler' driver.
DEBUG - 2026-03-28 14:49:01 --> Session: Class initialized using 'CodeIgniter\Session\Handlers\FileHandler' driver.
DEBUG - 2026-03-28 14:49:22 --> Session: Class initialized using 'CodeIgniter\Session\Handlers\FileHandler' driver.
DEBUG - 2026-03-28 14:49:27 --> Session: Class initialized using 'CodeIgniter\Session\Handlers\FileHandler' driver.
DEBUG - 2026-03-28 14:49:27 --> Session: Class initialized using 'CodeIgniter\Session\Handlers\FileHandler' driver.
DEBUG - 2026-03-28 14:49:34 --> Session: Class initialized using 'CodeIgniter\Session\Handlers\FileHandler' driver.
DEBUG - 2026-03-28 14:54:33 --> Session: Class initialized using 'CodeIgniter\Session\Handlers\FileHandler' driver.
DEBUG - 2026-03-28 14:54:40 --> Session: Class initialized using 'CodeIgniter\Session\Handlers\FileHandler' driver.
DEBUG - 2026-03-28 14:54:49 --> Session: Class initialized using 'CodeIgniter\Session\Handlers\FileHandler' driver.
DEBUG - 2026-03-28 14:55:01 --> Session: Class initialized using 'CodeIgniter\Session\Handlers\FileHandler' driver.
DEBUG - 2026-03-28 14:55:12 --> Session: Class initialized using 'CodeIgniter\Session\Handlers\FileHandler' driver.
DEBUG - 2026-03-28 14:55:23 --> Session: Class initialized using 'CodeIgniter\Session\Handlers\FileHandler' driver.
DEBUG - 2026-03-28 14:55:26 --> Session: Class initialized using 'CodeIgniter\Session\Handlers\FileHandler' driver.
DEBUG - 2026-03-28 14:56:40 --> Session: Class initialized using 'CodeIgniter\Session\Handlers\FileHandler' driver.
DEBUG - 2026-03-28 14:56:41 --> Session: Class initialized using 'CodeIgniter\Session\Handlers\FileHandler' driver.
DEBUG - 2026-03-28 14:56:44 --> Session: Class initialized using 'CodeIgniter\Session\Handlers\FileHandler' driver.
DEBUG - 2026-03-28 14:56:51 --> Session: Class initialized using 'CodeIgniter\Session\Handlers\FileHandler' driver.
DEBUG - 2026-03-28 14:57:34 --> Session: Class initialized using 'CodeIgniter\Session\Handlers\FileHandler' driver.
DEBUG - 2026-03-28 15:01:24 --> Session: Class initialized using 'CodeIgniter\Session\Handlers\FileHandler' driver.
DEBUG - 2026-03-28 15:01:31 --> Session: Class initialized using 'CodeIgniter\Session\Handlers\FileHandler' driver.
DEBUG - 2026-03-28 15:01:31 --> Session: Class initialized using 'CodeIgniter\Session\Handlers\FileHandler' driver.
DEBUG - 2026-03-28 15:02:09 --> Session: Class initialized using 'CodeIgniter\Session\Handlers\FileHandler' driver.
DEBUG - 2026-03-28 15:03:00 --> Session: Class initialized using 'CodeIgniter\Session\Handlers\FileHandler' driver.
